app/build/intermediates/manifest_merge_blame_file/debug/manifest-merger-blame-debug-report.txt
1<?xml version="1.0" encoding="utf-8"?>
2<manifest xmlns:android="http://schemas.android.com/apk/res/android"
3    package="com.example.myfirstapp"
4    android:versionCode="1"
5    android:versionName="1.0" >
6
7    <uses-sdk
8        android:minSdkVersion="21"
8-->src\main\AndroidManifest.xml
9        android:targetSdkVersion="31" />
9-->src\main\AndroidManifest.xml
10
11    <application
11-->src\main\AndroidManifest.xml:5:5-43:19
12        android:allowBackup="true"
12-->src\main\AndroidManifest.xml:6:9-35
13        android:appComponentFactory="androidx.core.app.CoreComponentFactory"
13-->[androidx.core:core:1.5.0] AndroidManifest.xml:24:18-86
14        android:debuggable="true"
15        android:icon="@mipmap/ic_launcher"
15-->src\main\AndroidManifest.xml:7:9-43
16        android:label="@string/app_name"
16-->src\main\AndroidManifest.xml:8:9-41
17        android:roundIcon="@mipmap/ic_launcher_round"
17-->src\main\AndroidManifest.xml:9:9-54
18        android:supportsRtl="true"
18-->src\main\AndroidManifest.xml:10:9-35
19        android:theme="@style/Theme.MyFirstApp" >
19-->src\main\AndroidManifest.xml:11:9-48
20        <activity
20-->src\main\AndroidManifest.xml:12:9-14:40
21            android:name="com.example.myfirstapp.Messages"
21-->src\main\AndroidManifest.xml:13:13-37
22            android:exported="false" />
22-->src\main\AndroidManifest.xml:14:13-37
23        <activity
23-->src\main\AndroidManifest.xml:15:9-17:40
24            android:name="com.example.myfirstapp.Notifications"
24-->src\main\AndroidManifest.xml:16:13-42
25            android:exported="false" />
25-->src\main\AndroidManifest.xml:17:13-37
26        <activity
26-->src\main\AndroidManifest.xml:18:9-20:40
27            android:name="com.example.myfirstapp.direct_message"
27-->src\main\AndroidManifest.xml:19:13-43
28            android:exported="false" />
28-->src\main\AndroidManifest.xml:20:13-37
29        <activity
29-->src\main\AndroidManifest.xml:21:9-23:40
30            android:name="com.example.myfirstapp.user_Profile"
30-->src\main\AndroidManifest.xml:22:13-41
31            android:exported="false" />
31-->src\main\AndroidManifest.xml:23:13-37
32        <activity
32-->src\main\AndroidManifest.xml:24:9-26:40
33            android:name="com.example.myfirstapp.Feed"
33-->src\main\AndroidManifest.xml:25:13-33
34            android:exported="false" />
34-->src\main\AndroidManifest.xml:26:13-37
35        <activity
35-->src\main\AndroidManifest.xml:27:9-29:58
36            android:name="com.example.myfirstapp.DisplayMessageActivity"
36-->src\main\AndroidManifest.xml:28:13-51
37            android:parentActivityName="com.example.myfirstapp.MainActivity" /> <!-- The meta-data tag is required if you support API level 15 and lower -->
37-->src\main\AndroidManifest.xml:29:13-55
38        <meta-data
38-->src\main\AndroidManifest.xml:30:9-32:45
39            android:name="android.support.PARENT_ACTIVITY"
39-->src\main\AndroidManifest.xml:31:13-59
40            android:value=".MainActivity" />
40-->src\main\AndroidManifest.xml:32:13-42
41
42        <activity
42-->src\main\AndroidManifest.xml:34:9-42:20
43            android:name="com.example.myfirstapp.MainActivity"
43-->src\main\AndroidManifest.xml:35:13-41
44            android:exported="true" >
44-->src\main\AndroidManifest.xml:36:13-36
45            <intent-filter>
45-->src\main\AndroidManifest.xml:37:13-41:29
46                <action android:name="android.intent.action.MAIN" />
46-->src\main\AndroidManifest.xml:38:17-69
46-->src\main\AndroidManifest.xml:38:25-66
47
48                <category android:name="android.intent.category.LAUNCHER" />
48-->src\main\AndroidManifest.xml:40:17-77
48-->src\main\AndroidManifest.xml:40:27-74
49            </intent-filter>
50        </activity>
51    </application>
52
53</manifest>